** Drc report for onefp.kicad_pcb **
** Created on 2026-06-21T02:26:39 **
** Report includes: Errors, Warnings **

** Found 2 DRC violations **
[invalid_outline]: Board has malformed outline (no edges found on Edge.Cuts layer)
    Local override; error
    @(0.0000 mm, 0.0000 mm): PCB
[silk_over_copper]: Silkscreen clipped by solder mask
    Local override; warning
    @(10.0000 mm, 10.0000 mm): Reference field of REF**
    @(10.0000 mm, 10.0000 mm): PTH pad 1 [<no net>] of REF**

** Found 0 unconnected pads **

** Found 0 Footprint errors **

** Ignored checks **
    - Footprint has no courtyard defined
    - Track endpoint not centered on via
    - Tuning profile track geometries
    - Footprint doesn't match symbol's footprint filters
    - Footprint component type doesn't match footprint pads

** End of Report **
